2013.05.22 10:21:47: 
username: anonymous (0)
message: Use of undefined constant dupa - assumed 'dupa'

2013.05.22 10:22:03: 
username: anonymous (0)
message: Use of undefined constant dupa - assumed 'dupa'

2013.05.22 10:22:06: 
username: anonymous (0)
message: Use of undefined constant dupa - assumed 'dupa'

2013.05.22 10:22:26: 
username: anonymous (0)
message: Use of undefined constant dupa - assumed 'dupa'

2013.05.22 10:23:20: 
username: anonymous (0)
message: Use of undefined constant x - assumed 'x'

2013.05.22 10:23:41: 
username: anonymous (0)
message: Use of undefined constant x - assumed 'x'

2013.05.22 10:24:32: 
username: anonymous (0)
message: Use of undefined constant x - assumed 'x'

2013.05.22 10:25:23: 
username: anonymous (0)
message: Use of undefined constant xx - assumed 'xx'

2013.05.22 12:36:19: 
username: anonymous (0)
message: Undefined variable: contactGroup

