2014.03.17 08:58:05: /crm/public/share.php/auth/open-id?janrain_nonce=2014-03-17T07:57:54ZZuQ62T&openid.ns=http%3A%2F%2Fspecs.openid.net%2Fauth%2F2.0&openid.mode=id_res&openid.op_endpoint=https%3A%2F%2Fwww.google.com%2Faccounts%2Fo8%2Fud&openid.response_nonce=2014-03-17T07%3A58%3A04ZrifkpzYvnt1pRQ&openid.return_to=http%3A%2F%2Fkameleon.podstawski.com%2Fcrm%2Fpublic%2Fshare.php%2Fauth%2Fopen-id%3Fjanrain_nonce%3D2014-03-17T07%3A57%3A54ZZuQ62T&openid.assoc_handle=1.AMlYA9UoxZdOk8oH7oEAdaLfD8BMxn7rBppcKk2dWXS2RoiLpfL1IkHEQ62Z8A&openid.signed=op_endpoint%2Cclaimed_id%2Cidentity%2Creturn_to%2Cresponse_nonce%2Cassoc_handle%2Cns.ext1%2Cext1.mode%2Cext1.type.firstname%2Cext1.value.firstname%2Cext1.type.lastname%2Cext1.value.lastname%2Cext1.type.language%2Cext1.value.language%2Cext1.type.email%2Cext1.value.email&openid.sig=yDQgWw%2FLSH4L%2BTUVGZfk2PPrOUs%3D&openid.identity=https%3A%2F%2Fwww.google.com%2Faccounts%2Fo8%2Fid%3Fid%3DAItOawlYj1IGFtt8SA6jiGvEFI4f5ypE7rcHKQU&openid.claimed_id=https%3A%2F%2Fwww.google.com%2Faccounts%2Fo8%2Fid%3Fid%3DAItOawlYj1IGFtt8SA6jiGvEFI4f5ypE7rcHKQU&openid.ns.ext1=http%3A%2F%2Fopenid.net%2Fsrv%2Fax%2F1.0&openid.ext1.mode=fetch_response&openid.ext1.type.firstname=http%3A%2F%2Faxschema.org%2FnamePerson%2Ffirst&openid.ext1.value.firstname=Piotr&openid.ext1.type.lastname=http%3A%2F%2Faxschema.org%2FnamePerson%2Flast&openid.ext1.value.lastname=Podstawski&openid.ext1.type.language=http%3A%2F%2Faxschema.org%2Fpref%2Flanguage&openid.ext1.value.language=pl&openid.ext1.type.email=http%3A%2F%2Faxschema.org%2Fcontact%2Femail&openid.ext1.value.email=piotr%40promienko.pl
username: anonymous (0)
message: Received 400 when fetching https://www.google.com/accounts/o8/.well-known/host-meta?hd=www.google.com

2014.03.17 08:58:05: /crm/public/share.php/auth/open-id?janrain_nonce=2014-03-17T07:57:54ZZuQ62T&openid.ns=http%3A%2F%2Fspecs.openid.net%2Fauth%2F2.0&openid.mode=id_res&openid.op_endpoint=https%3A%2F%2Fwww.google.com%2Faccounts%2Fo8%2Fud&openid.response_nonce=2014-03-17T07%3A58%3A04ZrifkpzYvnt1pRQ&openid.return_to=http%3A%2F%2Fkameleon.podstawski.com%2Fcrm%2Fpublic%2Fshare.php%2Fauth%2Fopen-id%3Fjanrain_nonce%3D2014-03-17T07%3A57%3A54ZZuQ62T&openid.assoc_handle=1.AMlYA9UoxZdOk8oH7oEAdaLfD8BMxn7rBppcKk2dWXS2RoiLpfL1IkHEQ62Z8A&openid.signed=op_endpoint%2Cclaimed_id%2Cidentity%2Creturn_to%2Cresponse_nonce%2Cassoc_handle%2Cns.ext1%2Cext1.mode%2Cext1.type.firstname%2Cext1.value.firstname%2Cext1.type.lastname%2Cext1.value.lastname%2Cext1.type.language%2Cext1.value.language%2Cext1.type.email%2Cext1.value.email&openid.sig=yDQgWw%2FLSH4L%2BTUVGZfk2PPrOUs%3D&openid.identity=https%3A%2F%2Fwww.google.com%2Faccounts%2Fo8%2Fid%3Fid%3DAItOawlYj1IGFtt8SA6jiGvEFI4f5ypE7rcHKQU&openid.claimed_id=https%3A%2F%2Fwww.google.com%2Faccounts%2Fo8%2Fid%3Fid%3DAItOawlYj1IGFtt8SA6jiGvEFI4f5ypE7rcHKQU&openid.ns.ext1=http%3A%2F%2Fopenid.net%2Fsrv%2Fax%2F1.0&openid.ext1.mode=fetch_response&openid.ext1.type.firstname=http%3A%2F%2Faxschema.org%2FnamePerson%2Ffirst&openid.ext1.value.firstname=Piotr&openid.ext1.type.lastname=http%3A%2F%2Faxschema.org%2FnamePerson%2Flast&openid.ext1.value.lastname=Podstawski&openid.ext1.type.language=http%3A%2F%2Faxschema.org%2Fpref%2Flanguage&openid.ext1.value.language=pl&openid.ext1.type.email=http%3A%2F%2Faxschema.org%2Fcontact%2Femail&openid.ext1.value.email=piotr%40promienko.pl
username: anonymous (0)
message: Only variable references should be returned by reference

2014.03.17 08:58:10: /crm/public/share.php/
username: anonymous (0)
message: Undefined offset: 1

2014.03.17 08:58:10: /crm/public/share.php/
username: anonymous (0)
message: Undefined offset: 1

2014.03.17 08:58:10: /crm/public/share.php/
username: anonymous (0)
message: Undefined offset: 1

2014.03.17 08:58:10: /crm/public/share.php/
username: anonymous (0)
message: Undefined offset: 1

2014.03.17 08:58:10: /crm/public/share.php/
username: anonymous (0)
message: Undefined offset: 1

2014.03.17 08:58:10: /crm/public/share.php/
username: anonymous (0)
message: Undefined offset: 1

2014.03.17 09:00:38: /crm/public/share.php/auth/open-id?janrain_nonce=2014-03-17T08:00:28Z1eLe0O&openid.ns=http%3A%2F%2Fspecs.openid.net%2Fauth%2F2.0&openid.mode=id_res&openid.op_endpoint=https%3A%2F%2Fwww.google.com%2Faccounts%2Fo8%2Fud&openid.response_nonce=2014-03-17T08%3A00%3A37Z-nJ2WEYZaNCbCQ&openid.return_to=http%3A%2F%2Fkameleon.podstawski.com%2Fcrm%2Fpublic%2Fshare.php%2Fauth%2Fopen-id%3Fjanrain_nonce%3D2014-03-17T08%3A00%3A28Z1eLe0O&openid.assoc_handle=1.AMlYA9UoxZdOk8oH7oEAdaLfD8BMxn7rBppcKk2dWXS2RoiLpfL1IkHEQ62Z8A&openid.signed=op_endpoint%2Cclaimed_id%2Cidentity%2Creturn_to%2Cresponse_nonce%2Cassoc_handle%2Cns.ext1%2Cext1.mode%2Cext1.type.firstname%2Cext1.value.firstname%2Cext1.type.lastname%2Cext1.value.lastname%2Cext1.type.language%2Cext1.value.language%2Cext1.type.email%2Cext1.value.email&openid.sig=CyOS7g9fxVFBSi1PVkkK%2Bbpgp9s%3D&openid.identity=https%3A%2F%2Fwww.google.com%2Faccounts%2Fo8%2Fid%3Fid%3DAItOawmPMXoGDySRNpuRtQ0Vbvj5UZZ7vcZVETQ&openid.claimed_id=https%3A%2F%2Fwww.google.com%2Faccounts%2Fo8%2Fid%3Fid%3DAItOawmPMXoGDySRNpuRtQ0Vbvj5UZZ7vcZVETQ&openid.ns.ext1=http%3A%2F%2Fopenid.net%2Fsrv%2Fax%2F1.0&openid.ext1.mode=fetch_response&openid.ext1.type.firstname=http%3A%2F%2Faxschema.org%2FnamePerson%2Ffirst&openid.ext1.value.firstname=Piotr&openid.ext1.type.lastname=http%3A%2F%2Faxschema.org%2FnamePerson%2Flast&openid.ext1.value.lastname=Podstawski&openid.ext1.type.language=http%3A%2F%2Faxschema.org%2Fpref%2Flanguage&openid.ext1.value.language=pl&openid.ext1.type.email=http%3A%2F%2Faxschema.org%2Fcontact%2Femail&openid.ext1.value.email=piotr%40podstawski.com
username: anonymous (0)
message: Received 400 when fetching https://www.google.com/accounts/o8/.well-known/host-meta?hd=www.google.com

2014.03.17 09:00:38: /crm/public/share.php/auth/open-id?janrain_nonce=2014-03-17T08:00:28Z1eLe0O&openid.ns=http%3A%2F%2Fspecs.openid.net%2Fauth%2F2.0&openid.mode=id_res&openid.op_endpoint=https%3A%2F%2Fwww.google.com%2Faccounts%2Fo8%2Fud&openid.response_nonce=2014-03-17T08%3A00%3A37Z-nJ2WEYZaNCbCQ&openid.return_to=http%3A%2F%2Fkameleon.podstawski.com%2Fcrm%2Fpublic%2Fshare.php%2Fauth%2Fopen-id%3Fjanrain_nonce%3D2014-03-17T08%3A00%3A28Z1eLe0O&openid.assoc_handle=1.AMlYA9UoxZdOk8oH7oEAdaLfD8BMxn7rBppcKk2dWXS2RoiLpfL1IkHEQ62Z8A&openid.signed=op_endpoint%2Cclaimed_id%2Cidentity%2Creturn_to%2Cresponse_nonce%2Cassoc_handle%2Cns.ext1%2Cext1.mode%2Cext1.type.firstname%2Cext1.value.firstname%2Cext1.type.lastname%2Cext1.value.lastname%2Cext1.type.language%2Cext1.value.language%2Cext1.type.email%2Cext1.value.email&openid.sig=CyOS7g9fxVFBSi1PVkkK%2Bbpgp9s%3D&openid.identity=https%3A%2F%2Fwww.google.com%2Faccounts%2Fo8%2Fid%3Fid%3DAItOawmPMXoGDySRNpuRtQ0Vbvj5UZZ7vcZVETQ&openid.claimed_id=https%3A%2F%2Fwww.google.com%2Faccounts%2Fo8%2Fid%3Fid%3DAItOawmPMXoGDySRNpuRtQ0Vbvj5UZZ7vcZVETQ&openid.ns.ext1=http%3A%2F%2Fopenid.net%2Fsrv%2Fax%2F1.0&openid.ext1.mode=fetch_response&openid.ext1.type.firstname=http%3A%2F%2Faxschema.org%2FnamePerson%2Ffirst&openid.ext1.value.firstname=Piotr&openid.ext1.type.lastname=http%3A%2F%2Faxschema.org%2FnamePerson%2Flast&openid.ext1.value.lastname=Podstawski&openid.ext1.type.language=http%3A%2F%2Faxschema.org%2Fpref%2Flanguage&openid.ext1.value.language=pl&openid.ext1.type.email=http%3A%2F%2Faxschema.org%2Fcontact%2Femail&openid.ext1.value.email=piotr%40podstawski.com
username: anonymous (0)
message: Only variable references should be returned by reference

2014.03.17 09:00:57: /crm/public/share.php/auth/logout
username: anonymous (0)
message: Array to string conversion

2014.03.17 09:00:57: /crm/public/share.php/auth/logout
username: anonymous (0)
message: file_get_contents(Array): failed to open stream: No such file or directory

2014.03.17 09:00:59: /crm/public/share.php/auth/open-id?janrain_nonce=2014-03-17T08:00:58ZI3Wag8&openid.ns=http%3A%2F%2Fspecs.openid.net%2Fauth%2F2.0&openid.mode=id_res&openid.op_endpoint=https%3A%2F%2Fwww.google.com%2Faccounts%2Fo8%2Fud&openid.response_nonce=2014-03-17T08%3A00%3A59ZX3bkzZD5MHcqGg&openid.return_to=http%3A%2F%2Fkameleon.podstawski.com%2Fcrm%2Fpublic%2Fshare.php%2Fauth%2Fopen-id%3Fjanrain_nonce%3D2014-03-17T08%3A00%3A58ZI3Wag8&openid.assoc_handle=1.AMlYA9UoxZdOk8oH7oEAdaLfD8BMxn7rBppcKk2dWXS2RoiLpfL1IkHEQ62Z8A&openid.signed=op_endpoint%2Cclaimed_id%2Cidentity%2Creturn_to%2Cresponse_nonce%2Cassoc_handle%2Cns.ext1%2Cext1.mode%2Cext1.type.firstname%2Cext1.value.firstname%2Cext1.type.lastname%2Cext1.value.lastname%2Cext1.type.language%2Cext1.value.language%2Cext1.type.email%2Cext1.value.email&openid.sig=ulNUtKf%2BBva59QYKuLShkslmi9c%3D&openid.identity=https%3A%2F%2Fwww.google.com%2Faccounts%2Fo8%2Fid%3Fid%3DAItOawlYj1IGFtt8SA6jiGvEFI4f5ypE7rcHKQU&openid.claimed_id=https%3A%2F%2Fwww.google.com%2Faccounts%2Fo8%2Fid%3Fid%3DAItOawlYj1IGFtt8SA6jiGvEFI4f5ypE7rcHKQU&openid.ns.ext1=http%3A%2F%2Fopenid.net%2Fsrv%2Fax%2F1.0&openid.ext1.mode=fetch_response&openid.ext1.type.firstname=http%3A%2F%2Faxschema.org%2FnamePerson%2Ffirst&openid.ext1.value.firstname=Piotr&openid.ext1.type.lastname=http%3A%2F%2Faxschema.org%2FnamePerson%2Flast&openid.ext1.value.lastname=Podstawski&openid.ext1.type.language=http%3A%2F%2Faxschema.org%2Fpref%2Flanguage&openid.ext1.value.language=pl&openid.ext1.type.email=http%3A%2F%2Faxschema.org%2Fcontact%2Femail&openid.ext1.value.email=piotr%40promienko.pl
username: anonymous (0)
message: Received 400 when fetching https://www.google.com/accounts/o8/.well-known/host-meta?hd=www.google.com

2014.03.17 09:00:59: /crm/public/share.php/auth/open-id?janrain_nonce=2014-03-17T08:00:58ZI3Wag8&openid.ns=http%3A%2F%2Fspecs.openid.net%2Fauth%2F2.0&openid.mode=id_res&openid.op_endpoint=https%3A%2F%2Fwww.google.com%2Faccounts%2Fo8%2Fud&openid.response_nonce=2014-03-17T08%3A00%3A59ZX3bkzZD5MHcqGg&openid.return_to=http%3A%2F%2Fkameleon.podstawski.com%2Fcrm%2Fpublic%2Fshare.php%2Fauth%2Fopen-id%3Fjanrain_nonce%3D2014-03-17T08%3A00%3A58ZI3Wag8&openid.assoc_handle=1.AMlYA9UoxZdOk8oH7oEAdaLfD8BMxn7rBppcKk2dWXS2RoiLpfL1IkHEQ62Z8A&openid.signed=op_endpoint%2Cclaimed_id%2Cidentity%2Creturn_to%2Cresponse_nonce%2Cassoc_handle%2Cns.ext1%2Cext1.mode%2Cext1.type.firstname%2Cext1.value.firstname%2Cext1.type.lastname%2Cext1.value.lastname%2Cext1.type.language%2Cext1.value.language%2Cext1.type.email%2Cext1.value.email&openid.sig=ulNUtKf%2BBva59QYKuLShkslmi9c%3D&openid.identity=https%3A%2F%2Fwww.google.com%2Faccounts%2Fo8%2Fid%3Fid%3DAItOawlYj1IGFtt8SA6jiGvEFI4f5ypE7rcHKQU&openid.claimed_id=https%3A%2F%2Fwww.google.com%2Faccounts%2Fo8%2Fid%3Fid%3DAItOawlYj1IGFtt8SA6jiGvEFI4f5ypE7rcHKQU&openid.ns.ext1=http%3A%2F%2Fopenid.net%2Fsrv%2Fax%2F1.0&openid.ext1.mode=fetch_response&openid.ext1.type.firstname=http%3A%2F%2Faxschema.org%2FnamePerson%2Ffirst&openid.ext1.value.firstname=Piotr&openid.ext1.type.lastname=http%3A%2F%2Faxschema.org%2FnamePerson%2Flast&openid.ext1.value.lastname=Podstawski&openid.ext1.type.language=http%3A%2F%2Faxschema.org%2Fpref%2Flanguage&openid.ext1.value.language=pl&openid.ext1.type.email=http%3A%2F%2Faxschema.org%2Fcontact%2Femail&openid.ext1.value.email=piotr%40promienko.pl
username: anonymous (0)
message: Only variable references should be returned by reference

2014.03.17 09:01:03: /crm/public/share.php/
username: anonymous (0)
message: Undefined offset: 1

2014.03.17 09:01:03: /crm/public/share.php/
username: anonymous (0)
message: Undefined offset: 1

2014.03.17 09:01:03: /crm/public/share.php/
username: anonymous (0)
message: Undefined offset: 1

2014.03.17 09:01:03: /crm/public/share.php/
username: anonymous (0)
message: Undefined offset: 1

2014.03.17 09:01:03: /crm/public/share.php/
username: anonymous (0)
message: Undefined offset: 1

2014.03.17 09:01:03: /crm/public/share.php/
username: anonymous (0)
message: Undefined offset: 1

2014.03.17 09:01:11: /crm/public/share.php/contacts/edit/google-id/c6d3cd20f1a99d4/google-name/aCZt
username: anonymous (0)
message: Trying to get property of non-object

2014.03.17 08:02:10: 
username: anonymous (0)
message: DOMDocument::createElement(): unterminated entity reference               m

2014.03.17 09:08:02: /crm/public/share.php/contacts/edit/google-id/38908df80e38e62d/google-name/bcSFa2E%3D
username: anonymous (0)
message: Trying to get property of non-object

2014.03.17 09:08:08: /crm/public/share.php
username: anonymous (0)
message: Undefined offset: 1

2014.03.17 09:08:09: /crm/public/share.php
username: anonymous (0)
message: Undefined offset: 1

2014.03.17 09:08:09: /crm/public/share.php
username: anonymous (0)
message: Undefined offset: 1

2014.03.17 09:08:09: /crm/public/share.php
username: anonymous (0)
message: Undefined offset: 1

2014.03.17 09:08:09: /crm/public/share.php
username: anonymous (0)
message: Undefined offset: 1

2014.03.17 09:08:09: /crm/public/share.php
username: anonymous (0)
message: Undefined offset: 1

2014.03.17 09:08:09: /crm/public/share.php//index/ajax-user-autocomplete?filter=p
username: anonymous (0)
message: Undefined offset: 1

2014.03.17 09:08:09: /crm/public/share.php//index/ajax-user-autocomplete?filter=p
username: anonymous (0)
message: Undefined offset: 1

2014.03.17 09:08:09: /crm/public/share.php//index/ajax-user-autocomplete?filter=p
username: anonymous (0)
message: Undefined offset: 1

2014.03.17 09:08:09: /crm/public/share.php//index/ajax-user-autocomplete?filter=p
username: anonymous (0)
message: Undefined offset: 1

2014.03.17 09:08:09: /crm/public/share.php//index/ajax-user-autocomplete?filter=p
username: anonymous (0)
message: Undefined offset: 1

2014.03.17 09:08:09: /crm/public/share.php//index/ajax-user-autocomplete?filter=p
username: anonymous (0)
message: Undefined offset: 1

2014.03.17 08:10:24: 
username: anonymous (0)
message: DOMDocument::createElement(): unterminated entity reference               m

2014.03.17 08:11:14: 
username: anonymous (0)
message: DOMDocument::createElement(): unterminated entity reference               m

