2013.01.11 09:41:01: 
username: anonymous (0)
message: Uninitialized string offset: 0

2013.01.11 09:41:01: 
username: anonymous (0)
message: Uninitialized string offset: 0

2013.01.11 09:41:01: 
username: anonymous (0)
message: Uninitialized string offset: 0

2013.01.11 09:41:36: 
username: anonymous (0)
message: Uninitialized string offset: 0

2013.01.11 09:41:36: 
username: anonymous (0)
message: Uninitialized string offset: 0

2013.01.11 09:41:36: 
username: anonymous (0)
message: Uninitialized string offset: 0

2013.01.11 09:51:10: 
username: anonymous (0)
message: Array to string conversion

2013.01.11 09:51:33: 
username: anonymous (0)
message: Array to string conversion

2013.01.11 09:52:08: 
username: anonymous (0)
message: Array to string conversion

2013.01.11 09:52:23: 
username: anonymous (0)
message: Undefined variable: l

2013.01.11 09:53:44: 
username: anonymous (0)
message: Undefined variable: l

2013.01.11 09:54:11: 
username: anonymous (0)
message: Use of undefined constant ok - assumed 'ok'

2013.01.11 09:55:58: 
username: anonymous (0)
message: Use of undefined constant ok - assumed 'ok'

2013.01.11 14:27:10: 
username: anonymous (0)
message: preg_replace(): No ending delimiter '/' found

2013.01.11 14:27:10: 
username: anonymous (0)
message: preg_replace(): No ending delimiter '/' found

2013.01.11 14:27:13: 
username: anonymous (0)
message: preg_replace(): No ending delimiter '/' found

2013.01.11 14:27:13: 
username: anonymous (0)
message: preg_replace(): No ending delimiter '/' found

2013.01.11 14:27:13: 
username: anonymous (0)
message: preg_replace(): No ending delimiter '/' found

2013.01.11 14:27:13: 
username: anonymous (0)
message: preg_replace(): No ending delimiter '/' found

2013.01.11 15:01:23: 
username: anonymous (0)
message: Use of undefined constant tak - assumed 'tak'

2013.01.11 15:01:26: 
username: anonymous (0)
message: Use of undefined constant tak - assumed 'tak'

2013.01.11 15:01:26: 
username: anonymous (0)
message: Use of undefined constant tak - assumed 'tak'

2013.01.11 15:01:26: 
username: anonymous (0)
message: Use of undefined constant tak - assumed 'tak'

