2013.04.06 13:41:12: /auth/open-id?janrain_nonce=2013-04-06T11%3A41%3A11Z3MURPi&openid.ns=http%3A%2F%2Fspecs.openid.net%2Fauth%2F2.0&openid.mode=id_res&openid.op_endpoint=https%3A%2F%2Fwww.google.com%2Faccounts%2Fo8%2Fud&openid.response_nonce=2013-04-06T11%3A41%3A06ZQgBE2M7eWIcfpQ&openid.return_to=http%3A%2F%2Fessays.podstawski.com%2Fauth%2Fopen-id%3Fjanrain_nonce%3D2013-04-06T11%253A41%253A11Z3MURPi&openid.assoc_handle=1.AMlYA9VWZgnt9Gqw8oVnRKv7MCTO97XZnDtJcPFGPpbh_1CQLdh47dQSI2ENtg&openid.signed=op_endpoint%2Cclaimed_id%2Cidentity%2Creturn_to%2Cresponse_nonce%2Cassoc_handle%2Cns.ext1%2Cext1.mode%2Cext1.type.firstname%2Cext1.value.firstname%2Cext1.type.lastname%2Cext1.value.lastname%2Cext1.type.language%2Cext1.value.language%2Cext1.type.email%2Cext1.value.email&openid.sig=Nj2DE%2BZxExM7wLpH1LC2lwyR%2Bv8%3D&openid.identity=https%3A%2F%2Fwww.google.com%2Faccounts%2Fo8%2Fid%3Fid%3DAItOawn-2beG5q7MozfhnU3X4s8-6ddYtbUW0No&openid.claimed_id=https%3A%2F%2Fwww.google.com%2Faccounts%2Fo8%2Fid%3Fid%3DAItOawn-2beG5q7MozfhnU3X4s8-6ddYtbUW0No&openid.ns.ext1=http%3A%2F%2Fopenid.net%2Fsrv%2Fax%2F1.0&openid.ext1.mode=fetch_response&openid.ext1.type.firstname=http%3A%2F%2Faxschema.org%2FnamePerson%2Ffirst&openid.ext1.value.firstname=Piotr&openid.ext1.type.lastname=http%3A%2F%2Faxschema.org%2FnamePerson%2Flast&openid.ext1.value.lastname=Podstawski&openid.ext1.type.language=http%3A%2F%2Faxschema.org%2Fpref%2Flanguage&openid.ext1.value.language=en&openid.ext1.type.email=http%3A%2F%2Faxschema.org%2Fcontact%2Femail&openid.ext1.value.email=piotr.podstawski%40gmail.com
username: anonymous (0)
message: Received 400 when fetching https://www.google.com/accounts/o8/.well-known/host-meta?hd=www.google.com

2013.04.06 13:41:12: /auth/open-id?janrain_nonce=2013-04-06T11%3A41%3A11Z3MURPi&openid.ns=http%3A%2F%2Fspecs.openid.net%2Fauth%2F2.0&openid.mode=id_res&openid.op_endpoint=https%3A%2F%2Fwww.google.com%2Faccounts%2Fo8%2Fud&openid.response_nonce=2013-04-06T11%3A41%3A06ZQgBE2M7eWIcfpQ&openid.return_to=http%3A%2F%2Fessays.podstawski.com%2Fauth%2Fopen-id%3Fjanrain_nonce%3D2013-04-06T11%253A41%253A11Z3MURPi&openid.assoc_handle=1.AMlYA9VWZgnt9Gqw8oVnRKv7MCTO97XZnDtJcPFGPpbh_1CQLdh47dQSI2ENtg&openid.signed=op_endpoint%2Cclaimed_id%2Cidentity%2Creturn_to%2Cresponse_nonce%2Cassoc_handle%2Cns.ext1%2Cext1.mode%2Cext1.type.firstname%2Cext1.value.firstname%2Cext1.type.lastname%2Cext1.value.lastname%2Cext1.type.language%2Cext1.value.language%2Cext1.type.email%2Cext1.value.email&openid.sig=Nj2DE%2BZxExM7wLpH1LC2lwyR%2Bv8%3D&openid.identity=https%3A%2F%2Fwww.google.com%2Faccounts%2Fo8%2Fid%3Fid%3DAItOawn-2beG5q7MozfhnU3X4s8-6ddYtbUW0No&openid.claimed_id=https%3A%2F%2Fwww.google.com%2Faccounts%2Fo8%2Fid%3Fid%3DAItOawn-2beG5q7MozfhnU3X4s8-6ddYtbUW0No&openid.ns.ext1=http%3A%2F%2Fopenid.net%2Fsrv%2Fax%2F1.0&openid.ext1.mode=fetch_response&openid.ext1.type.firstname=http%3A%2F%2Faxschema.org%2FnamePerson%2Ffirst&openid.ext1.value.firstname=Piotr&openid.ext1.type.lastname=http%3A%2F%2Faxschema.org%2FnamePerson%2Flast&openid.ext1.value.lastname=Podstawski&openid.ext1.type.language=http%3A%2F%2Faxschema.org%2Fpref%2Flanguage&openid.ext1.value.language=en&openid.ext1.type.email=http%3A%2F%2Faxschema.org%2Fcontact%2Femail&openid.ext1.value.email=piotr.podstawski%40gmail.com
username: anonymous (0)
message: Only variable references should be returned by reference

2013.04.06 14:15:43: /test/open/test-id/38
username: anonymous (0)
message: Undefined property: stdClass::$alternateLink

2013.04.06 14:15:43: /test/open/test-id/38
username: anonymous (0)
message: Undefined property: stdClass::$alternateLink

2013.04.06 14:15:44: /test/open/test-id/38
username: anonymous (0)
message: Undefined property: stdClass::$alternateLink

2013.04.06 14:15:44: /test/open/test-id/38
username: anonymous (0)
message: Undefined property: stdClass::$alternateLink

2013.04.06 14:15:45: /test/open/test-id/38
username: anonymous (0)
message: Undefined property: stdClass::$alternateLink

2013.04.06 14:22:17: /test/open/test-id/38
username: anonymous (0)
message: Undefined index: email

2013.04.06 14:22:18: /test/open/test-id/38
username: anonymous (0)
message: Undefined index: email

2013.04.06 14:22:20: /test/open/test-id/38
username: anonymous (0)
message: Undefined index: email

2013.04.06 14:22:22: /test/open/test-id/38
username: anonymous (0)
message: Undefined index: email

2013.04.06 14:22:24: /test/open/test-id/38
username: anonymous (0)
message: Undefined index: email

