2013.04.23 09:39:23: /auth/open-id?janrain_nonce=2013-04-23T07%3A39%3A23ZUIbWvU&openid.ns=http%3A%2F%2Fspecs.openid.net%2Fauth%2F2.0&openid.mode=id_res&openid.op_endpoint=https%3A%2F%2Fwww.google.com%2Faccounts%2Fo8%2Fud&openid.response_nonce=2013-04-23T07%3A39%3A23ZceowI4Yn0nzqqA&openid.return_to=http%3A%2F%2Fessays.podstawski.com%2Fauth%2Fopen-id%3Fjanrain_nonce%3D2013-04-23T07%253A39%253A23ZUIbWvU&openid.assoc_handle=1.AMlYA9UnRNsxnYl3yFyVlNugFgoqLz9GkHOcRuKZFGL0u7Jx91KyYv-O6627ow&openid.signed=op_endpoint%2Cclaimed_id%2Cidentity%2Creturn_to%2Cresponse_nonce%2Cassoc_handle%2Cns.ext1%2Cext1.mode%2Cext1.type.firstname%2Cext1.value.firstname%2Cext1.type.lastname%2Cext1.value.lastname%2Cext1.type.language%2Cext1.value.language%2Cext1.type.email%2Cext1.value.email&openid.sig=8tyyGfuoLGtiJLGFSCQtPujCEvo%3D&openid.identity=https%3A%2F%2Fwww.google.com%2Faccounts%2Fo8%2Fid%3Fid%3DAItOawmXP5jto5mHlrjvl2f9I2UPghn8sD7_my4&openid.claimed_id=https%3A%2F%2Fwww.google.com%2Faccounts%2Fo8%2Fid%3Fid%3DAItOawmXP5jto5mHlrjvl2f9I2UPghn8sD7_my4&openid.ns.ext1=http%3A%2F%2Fopenid.net%2Fsrv%2Fax%2F1.0&openid.ext1.mode=fetch_response&openid.ext1.type.firstname=http%3A%2F%2Faxschema.org%2FnamePerson%2Ffirst&openid.ext1.value.firstname=Piotr&openid.ext1.type.lastname=http%3A%2F%2Faxschema.org%2FnamePerson%2Flast&openid.ext1.value.lastname=Podstawski&openid.ext1.type.language=http%3A%2F%2Faxschema.org%2Fpref%2Flanguage&openid.ext1.value.language=pl&openid.ext1.type.email=http%3A%2F%2Faxschema.org%2Fcontact%2Femail&openid.ext1.value.email=piotr%40promienko.pl
username: anonymous (0)
message: Received 400 when fetching https://www.google.com/accounts/o8/.well-known/host-meta?hd=www.google.com

2013.04.23 09:39:23: /auth/open-id?janrain_nonce=2013-04-23T07%3A39%3A23ZUIbWvU&openid.ns=http%3A%2F%2Fspecs.openid.net%2Fauth%2F2.0&openid.mode=id_res&openid.op_endpoint=https%3A%2F%2Fwww.google.com%2Faccounts%2Fo8%2Fud&openid.response_nonce=2013-04-23T07%3A39%3A23ZceowI4Yn0nzqqA&openid.return_to=http%3A%2F%2Fessays.podstawski.com%2Fauth%2Fopen-id%3Fjanrain_nonce%3D2013-04-23T07%253A39%253A23ZUIbWvU&openid.assoc_handle=1.AMlYA9UnRNsxnYl3yFyVlNugFgoqLz9GkHOcRuKZFGL0u7Jx91KyYv-O6627ow&openid.signed=op_endpoint%2Cclaimed_id%2Cidentity%2Creturn_to%2Cresponse_nonce%2Cassoc_handle%2Cns.ext1%2Cext1.mode%2Cext1.type.firstname%2Cext1.value.firstname%2Cext1.type.lastname%2Cext1.value.lastname%2Cext1.type.language%2Cext1.value.language%2Cext1.type.email%2Cext1.value.email&openid.sig=8tyyGfuoLGtiJLGFSCQtPujCEvo%3D&openid.identity=https%3A%2F%2Fwww.google.com%2Faccounts%2Fo8%2Fid%3Fid%3DAItOawmXP5jto5mHlrjvl2f9I2UPghn8sD7_my4&openid.claimed_id=https%3A%2F%2Fwww.google.com%2Faccounts%2Fo8%2Fid%3Fid%3DAItOawmXP5jto5mHlrjvl2f9I2UPghn8sD7_my4&openid.ns.ext1=http%3A%2F%2Fopenid.net%2Fsrv%2Fax%2F1.0&openid.ext1.mode=fetch_response&openid.ext1.type.firstname=http%3A%2F%2Faxschema.org%2FnamePerson%2Ffirst&openid.ext1.value.firstname=Piotr&openid.ext1.type.lastname=http%3A%2F%2Faxschema.org%2FnamePerson%2Flast&openid.ext1.value.lastname=Podstawski&openid.ext1.type.language=http%3A%2F%2Faxschema.org%2Fpref%2Flanguage&openid.ext1.value.language=pl&openid.ext1.type.email=http%3A%2F%2Faxschema.org%2Fcontact%2Femail&openid.ext1.value.email=piotr%40promienko.pl
username: anonymous (0)
message: Only variable references should be returned by reference

2013.04.23 09:39:30: /test/ajax-check-title/test-id/41
username: anonymous (0)
message: Trying to get property of non-object

2013.04.23 09:39:30: /test/ajax-check-title/test-id/41
username: anonymous (0)
message: Trying to get property of non-object

2013.04.23 09:40:03: /test/ajax-retrieve-folks?filter=n&search-for-groups=true&search-for-users=true&search-for-tests=true
username: anonymous (0)
message: Trying to get property of non-object

2013.04.23 09:40:04: /test/ajax-retrieve-folks?filter=n&search-for-groups=true&search-for-users=true&search-for-tests=true
username: anonymous (0)
message: Trying to get property of non-object

2013.04.23 09:40:05: /test/ajax-retrieve-folks?filter=n&search-for-groups=true&search-for-users=true&search-for-tests=true
username: anonymous (0)
message: Trying to get property of non-object

2013.04.23 09:40:06: /test/ajax-retrieve-folks?filter=na&search-for-groups=true&search-for-users=true&search-for-tests=true
username: anonymous (0)
message: Trying to get property of non-object

2013.04.23 09:42:35: /test/edit-contents/test-id/41
username: anonymous (0)
message: Trying to get property of non-object

2013.04.23 09:42:35: /test/edit-contents/test-id/41
username: anonymous (0)
message: Trying to get property of non-object

2013.04.23 09:42:57: /test/ajax-check-title/test-id/41
username: anonymous (0)
message: Trying to get property of non-object

2013.04.23 09:42:57: /test/ajax-check-title/test-id/41
username: anonymous (0)
message: Trying to get property of non-object

2013.04.23 10:14:07: /test/ajax-retrieve-folks?filter=nau&search-for-groups=true&search-for-users=true&search-for-tests=true
username: anonymous (0)
message: Use of undefined constant ela - assumed 'ela'

2013.04.23 10:14:22: /test/ajax-retrieve-folks?filter=nau&search-for-groups=true&search-for-users=true&search-for-tests=true
username: anonymous (0)
message: Use of undefined constant iii - assumed 'iii'

2013.04.23 10:14:38: /test/ajax-retrieve-folks?filter=nau&search-for-groups=true&search-for-users=true&search-for-tests=true
username: anonymous (0)
message: Use of undefined constant xxx - assumed 'xxx'

2013.04.23 10:55:01: /auth/open-id?janrain_nonce=2013-04-23T08%3A55%3A00Z3i9Ten&openid.ns=http%3A%2F%2Fspecs.openid.net%2Fauth%2F2.0&openid.mode=id_res&openid.op_endpoint=https%3A%2F%2Fwww.google.com%2Faccounts%2Fo8%2Fud&openid.response_nonce=2013-04-23T08%3A55%3A01Z6kmHzuEEiGIw2Q&openid.return_to=http%3A%2F%2Fessays.podstawski.com%2Fauth%2Fopen-id%3Fjanrain_nonce%3D2013-04-23T08%253A55%253A00Z3i9Ten&openid.assoc_handle=1.AMlYA9UnRNsxnYl3yFyVlNugFgoqLz9GkHOcRuKZFGL0u7Jx91KyYv-O6627ow&openid.signed=op_endpoint%2Cclaimed_id%2Cidentity%2Creturn_to%2Cresponse_nonce%2Cassoc_handle%2Cns.ext1%2Cext1.mode%2Cext1.type.firstname%2Cext1.value.firstname%2Cext1.type.lastname%2Cext1.value.lastname%2Cext1.type.language%2Cext1.value.language%2Cext1.type.email%2Cext1.value.email&openid.sig=6RIEo02sPntEL3WwlcGgdWB3TNk%3D&openid.identity=https%3A%2F%2Fwww.google.com%2Faccounts%2Fo8%2Fid%3Fid%3DAItOawn-2beG5q7MozfhnU3X4s8-6ddYtbUW0No&openid.claimed_id=https%3A%2F%2Fwww.google.com%2Faccounts%2Fo8%2Fid%3Fid%3DAItOawn-2beG5q7MozfhnU3X4s8-6ddYtbUW0No&openid.ns.ext1=http%3A%2F%2Fopenid.net%2Fsrv%2Fax%2F1.0&openid.ext1.mode=fetch_response&openid.ext1.type.firstname=http%3A%2F%2Faxschema.org%2FnamePerson%2Ffirst&openid.ext1.value.firstname=Piotr&openid.ext1.type.lastname=http%3A%2F%2Faxschema.org%2FnamePerson%2Flast&openid.ext1.value.lastname=Podstawski&openid.ext1.type.language=http%3A%2F%2Faxschema.org%2Fpref%2Flanguage&openid.ext1.value.language=en&openid.ext1.type.email=http%3A%2F%2Faxschema.org%2Fcontact%2Femail&openid.ext1.value.email=piotr.podstawski%40gmail.com
username: anonymous (0)
message: Received 400 when fetching https://www.google.com/accounts/o8/.well-known/host-meta?hd=www.google.com

2013.04.23 10:55:01: /auth/open-id?janrain_nonce=2013-04-23T08%3A55%3A00Z3i9Ten&openid.ns=http%3A%2F%2Fspecs.openid.net%2Fauth%2F2.0&openid.mode=id_res&openid.op_endpoint=https%3A%2F%2Fwww.google.com%2Faccounts%2Fo8%2Fud&openid.response_nonce=2013-04-23T08%3A55%3A01Z6kmHzuEEiGIw2Q&openid.return_to=http%3A%2F%2Fessays.podstawski.com%2Fauth%2Fopen-id%3Fjanrain_nonce%3D2013-04-23T08%253A55%253A00Z3i9Ten&openid.assoc_handle=1.AMlYA9UnRNsxnYl3yFyVlNugFgoqLz9GkHOcRuKZFGL0u7Jx91KyYv-O6627ow&openid.signed=op_endpoint%2Cclaimed_id%2Cidentity%2Creturn_to%2Cresponse_nonce%2Cassoc_handle%2Cns.ext1%2Cext1.mode%2Cext1.type.firstname%2Cext1.value.firstname%2Cext1.type.lastname%2Cext1.value.lastname%2Cext1.type.language%2Cext1.value.language%2Cext1.type.email%2Cext1.value.email&openid.sig=6RIEo02sPntEL3WwlcGgdWB3TNk%3D&openid.identity=https%3A%2F%2Fwww.google.com%2Faccounts%2Fo8%2Fid%3Fid%3DAItOawn-2beG5q7MozfhnU3X4s8-6ddYtbUW0No&openid.claimed_id=https%3A%2F%2Fwww.google.com%2Faccounts%2Fo8%2Fid%3Fid%3DAItOawn-2beG5q7MozfhnU3X4s8-6ddYtbUW0No&openid.ns.ext1=http%3A%2F%2Fopenid.net%2Fsrv%2Fax%2F1.0&openid.ext1.mode=fetch_response&openid.ext1.type.firstname=http%3A%2F%2Faxschema.org%2FnamePerson%2Ffirst&openid.ext1.value.firstname=Piotr&openid.ext1.type.lastname=http%3A%2F%2Faxschema.org%2FnamePerson%2Flast&openid.ext1.value.lastname=Podstawski&openid.ext1.type.language=http%3A%2F%2Faxschema.org%2Fpref%2Flanguage&openid.ext1.value.language=en&openid.ext1.type.email=http%3A%2F%2Faxschema.org%2Fcontact%2Femail&openid.ext1.value.email=piotr.podstawski%40gmail.com
username: anonymous (0)
message: Only variable references should be returned by reference

2013.04.23 10:55:10: /test/edit-contents/test-id/42
username: anonymous (0)
message: Undefined property: stdClass::$items

2013.04.23 10:55:10: /test/edit-contents/test-id/42
username: anonymous (0)
message: Undefined property: stdClass::$id

2013.04.23 10:55:10: /test/edit-contents/test-id/42
username: anonymous (0)
message: Undefined property: stdClass::$id

2013.04.23 10:55:10: /test/edit-contents/test-id/42
username: anonymous (0)
message: Undefined property: stdClass::$id

2013.04.23 10:55:11: /test/edit-contents/test-id/42
username: anonymous (0)
message: Undefined property: stdClass::$id

2013.04.23 10:56:50: /test/edit-contents/test-id/42
username: anonymous (0)
message: Undefined property: stdClass::$items

2013.04.23 10:56:50: /test/edit-contents/test-id/42
username: anonymous (0)
message: Undefined property: stdClass::$id

2013.04.23 10:56:50: /test/edit-contents/test-id/42
username: anonymous (0)
message: Undefined property: stdClass::$id

2013.04.23 10:56:50: /test/edit-contents/test-id/42
username: anonymous (0)
message: Undefined property: stdClass::$id

2013.04.23 10:56:51: /test/edit-contents/test-id/42
username: anonymous (0)
message: Undefined property: stdClass::$id

2013.04.23 10:56:59: /test/edit-contents/test-id/42
username: anonymous (0)
message: Undefined property: stdClass::$items

2013.04.23 10:56:59: /test/edit-contents/test-id/42
username: anonymous (0)
message: Undefined property: stdClass::$id

2013.04.23 10:56:59: /test/edit-contents/test-id/42
username: anonymous (0)
message: Undefined property: stdClass::$id

2013.04.23 10:56:59: /test/edit-contents/test-id/42
username: anonymous (0)
message: Undefined property: stdClass::$id

2013.04.23 10:56:59: /test/edit-contents/test-id/42
username: anonymous (0)
message: Undefined property: stdClass::$id

2013.04.23 10:57:28: /test/edit-contents/test-id/42
username: anonymous (0)
message: Undefined property: stdClass::$items

2013.04.23 10:57:28: /test/edit-contents/test-id/42
username: anonymous (0)
message: Undefined property: stdClass::$id

2013.04.23 10:57:28: /test/edit-contents/test-id/42
username: anonymous (0)
message: Undefined property: stdClass::$id

2013.04.23 10:57:28: /test/edit-contents/test-id/42
username: anonymous (0)
message: Undefined property: stdClass::$id

2013.04.23 10:57:28: /test/edit-contents/test-id/42
username: anonymous (0)
message: Undefined property: stdClass::$id

2013.04.23 13:02:49: /auth/open-id?janrain_nonce=2013-04-23T11%3A02%3A43ZzplWhJ&openid.ns=http%3A%2F%2Fspecs.openid.net%2Fauth%2F2.0&openid.mode=id_res&openid.op_endpoint=https%3A%2F%2Fwww.google.com%2Faccounts%2Fo8%2Fud&openid.response_nonce=2013-04-23T11%3A02%3A48Z7y-WMuwKG3yTQg&openid.return_to=http%3A%2F%2Fessays.podstawski.com%2Fauth%2Fopen-id%3Fjanrain_nonce%3D2013-04-23T11%253A02%253A43ZzplWhJ&openid.assoc_handle=1.AMlYA9UnRNsxnYl3yFyVlNugFgoqLz9GkHOcRuKZFGL0u7Jx91KyYv-O6627ow&openid.signed=op_endpoint%2Cclaimed_id%2Cidentity%2Creturn_to%2Cresponse_nonce%2Cassoc_handle%2Cns.ext1%2Cext1.mode%2Cext1.type.firstname%2Cext1.value.firstname%2Cext1.type.lastname%2Cext1.value.lastname%2Cext1.type.language%2Cext1.value.language%2Cext1.type.email%2Cext1.value.email&openid.sig=BfACx0NeMXeG21HNRhN6QmO3D%2F8%3D&openid.identity=https%3A%2F%2Fwww.google.com%2Faccounts%2Fo8%2Fid%3Fid%3DAItOawnDGw4nqTzRAYsr2wwJ6LqOBcy_AG47rZM&openid.claimed_id=https%3A%2F%2Fwww.google.com%2Faccounts%2Fo8%2Fid%3Fid%3DAItOawnDGw4nqTzRAYsr2wwJ6LqOBcy_AG47rZM&openid.ns.ext1=http%3A%2F%2Fopenid.net%2Fsrv%2Fax%2F1.0&openid.ext1.mode=fetch_response&openid.ext1.type.firstname=http%3A%2F%2Faxschema.org%2FnamePerson%2Ffirst&openid.ext1.value.firstname=Salma&openid.ext1.type.lastname=http%3A%2F%2Faxschema.org%2FnamePerson%2Flast&openid.ext1.value.lastname=Podstawski&openid.ext1.type.language=http%3A%2F%2Faxschema.org%2Fpref%2Flanguage&openid.ext1.value.language=pl&openid.ext1.type.email=http%3A%2F%2Faxschema.org%2Fcontact%2Femail&openid.ext1.value.email=pudel%40promienko.pl
username: anonymous (0)
message: Received 400 when fetching https://www.google.com/accounts/o8/.well-known/host-meta?hd=www.google.com

2013.04.23 13:02:49: /auth/open-id?janrain_nonce=2013-04-23T11%3A02%3A43ZzplWhJ&openid.ns=http%3A%2F%2Fspecs.openid.net%2Fauth%2F2.0&openid.mode=id_res&openid.op_endpoint=https%3A%2F%2Fwww.google.com%2Faccounts%2Fo8%2Fud&openid.response_nonce=2013-04-23T11%3A02%3A48Z7y-WMuwKG3yTQg&openid.return_to=http%3A%2F%2Fessays.podstawski.com%2Fauth%2Fopen-id%3Fjanrain_nonce%3D2013-04-23T11%253A02%253A43ZzplWhJ&openid.assoc_handle=1.AMlYA9UnRNsxnYl3yFyVlNugFgoqLz9GkHOcRuKZFGL0u7Jx91KyYv-O6627ow&openid.signed=op_endpoint%2Cclaimed_id%2Cidentity%2Creturn_to%2Cresponse_nonce%2Cassoc_handle%2Cns.ext1%2Cext1.mode%2Cext1.type.firstname%2Cext1.value.firstname%2Cext1.type.lastname%2Cext1.value.lastname%2Cext1.type.language%2Cext1.value.language%2Cext1.type.email%2Cext1.value.email&openid.sig=BfACx0NeMXeG21HNRhN6QmO3D%2F8%3D&openid.identity=https%3A%2F%2Fwww.google.com%2Faccounts%2Fo8%2Fid%3Fid%3DAItOawnDGw4nqTzRAYsr2wwJ6LqOBcy_AG47rZM&openid.claimed_id=https%3A%2F%2Fwww.google.com%2Faccounts%2Fo8%2Fid%3Fid%3DAItOawnDGw4nqTzRAYsr2wwJ6LqOBcy_AG47rZM&openid.ns.ext1=http%3A%2F%2Fopenid.net%2Fsrv%2Fax%2F1.0&openid.ext1.mode=fetch_response&openid.ext1.type.firstname=http%3A%2F%2Faxschema.org%2FnamePerson%2Ffirst&openid.ext1.value.firstname=Salma&openid.ext1.type.lastname=http%3A%2F%2Faxschema.org%2FnamePerson%2Flast&openid.ext1.value.lastname=Podstawski&openid.ext1.type.language=http%3A%2F%2Faxschema.org%2Fpref%2Flanguage&openid.ext1.value.language=pl&openid.ext1.type.email=http%3A%2F%2Faxschema.org%2Fcontact%2Femail&openid.ext1.value.email=pudel%40promienko.pl
username: anonymous (0)
message: Only variable references should be returned by reference

2013.04.23 13:26:51: /essays/public/auth/open-id?janrain_nonce=2013-04-23T11%3A26%3A50Z2D1zK4&openid.ns=http%3A%2F%2Fspecs.openid.net%2Fauth%2F2.0&openid.mode=id_res&openid.op_endpoint=https%3A%2F%2Fwww.google.com%2Faccounts%2Fo8%2Fud&openid.response_nonce=2013-04-23T11%3A26%3A50ZikKATIsTwHPIaA&openid.return_to=http%3A%2F%2Fkameleon%2Fessays%2Fpublic%2Fauth%2Fopen-id%3Fjanrain_nonce%3D2013-04-23T11%253A26%253A50Z2D1zK4&openid.assoc_handle=1.AMlYA9VpSmQJasqv25Y99tm7WTHnUePXCFW2_jiMQ3I_SbDQ1cOeyNvO4fXXcw&openid.signed=op_endpoint%2Cclaimed_id%2Cidentity%2Creturn_to%2Cresponse_nonce%2Cassoc_handle%2Cns.ext1%2Cext1.mode%2Cext1.type.firstname%2Cext1.value.firstname%2Cext1.type.lastname%2Cext1.value.lastname%2Cext1.type.language%2Cext1.value.language%2Cext1.type.email%2Cext1.value.email&openid.sig=j6RPH%2FtQUMIevGIcNzNrCeFchC8%3D&openid.identity=https%3A%2F%2Fwww.google.com%2Faccounts%2Fo8%2Fid%3Fid%3DAItOawls_yVvJ4f6HrlipyI_MXr6kiAjKBW0cic&openid.claimed_id=https%3A%2F%2Fwww.google.com%2Faccounts%2Fo8%2Fid%3Fid%3DAItOawls_yVvJ4f6HrlipyI_MXr6kiAjKBW0cic&openid.ns.ext1=http%3A%2F%2Fopenid.net%2Fsrv%2Fax%2F1.0&openid.ext1.mode=fetch_response&openid.ext1.type.firstname=http%3A%2F%2Faxschema.org%2FnamePerson%2Ffirst&openid.ext1.value.firstname=Piotr&openid.ext1.type.lastname=http%3A%2F%2Faxschema.org%2FnamePerson%2Flast&openid.ext1.value.lastname=Podstawski&openid.ext1.type.language=http%3A%2F%2Faxschema.org%2Fpref%2Flanguage&openid.ext1.value.language=pl&openid.ext1.type.email=http%3A%2F%2Faxschema.org%2Fcontact%2Femail&openid.ext1.value.email=piotr.podstawski%40gammanet.pl
username: anonymous (0)
message: Received 400 when fetching https://www.google.com/accounts/o8/.well-known/host-meta?hd=www.google.com

2013.04.23 13:26:51: /essays/public/auth/open-id?janrain_nonce=2013-04-23T11%3A26%3A50Z2D1zK4&openid.ns=http%3A%2F%2Fspecs.openid.net%2Fauth%2F2.0&openid.mode=id_res&openid.op_endpoint=https%3A%2F%2Fwww.google.com%2Faccounts%2Fo8%2Fud&openid.response_nonce=2013-04-23T11%3A26%3A50ZikKATIsTwHPIaA&openid.return_to=http%3A%2F%2Fkameleon%2Fessays%2Fpublic%2Fauth%2Fopen-id%3Fjanrain_nonce%3D2013-04-23T11%253A26%253A50Z2D1zK4&openid.assoc_handle=1.AMlYA9VpSmQJasqv25Y99tm7WTHnUePXCFW2_jiMQ3I_SbDQ1cOeyNvO4fXXcw&openid.signed=op_endpoint%2Cclaimed_id%2Cidentity%2Creturn_to%2Cresponse_nonce%2Cassoc_handle%2Cns.ext1%2Cext1.mode%2Cext1.type.firstname%2Cext1.value.firstname%2Cext1.type.lastname%2Cext1.value.lastname%2Cext1.type.language%2Cext1.value.language%2Cext1.type.email%2Cext1.value.email&openid.sig=j6RPH%2FtQUMIevGIcNzNrCeFchC8%3D&openid.identity=https%3A%2F%2Fwww.google.com%2Faccounts%2Fo8%2Fid%3Fid%3DAItOawls_yVvJ4f6HrlipyI_MXr6kiAjKBW0cic&openid.claimed_id=https%3A%2F%2Fwww.google.com%2Faccounts%2Fo8%2Fid%3Fid%3DAItOawls_yVvJ4f6HrlipyI_MXr6kiAjKBW0cic&openid.ns.ext1=http%3A%2F%2Fopenid.net%2Fsrv%2Fax%2F1.0&openid.ext1.mode=fetch_response&openid.ext1.type.firstname=http%3A%2F%2Faxschema.org%2FnamePerson%2Ffirst&openid.ext1.value.firstname=Piotr&openid.ext1.type.lastname=http%3A%2F%2Faxschema.org%2FnamePerson%2Flast&openid.ext1.value.lastname=Podstawski&openid.ext1.type.language=http%3A%2F%2Faxschema.org%2Fpref%2Flanguage&openid.ext1.value.language=pl&openid.ext1.type.email=http%3A%2F%2Faxschema.org%2Fcontact%2Femail&openid.ext1.value.email=piotr.podstawski%40gammanet.pl
username: anonymous (0)
message: Only variable references should be returned by reference

2013.04.23 13:30:17: /essays/public/test/ajax-retrieve-folks?filter=pu&search-for-groups=true&search-for-users=true&search-for-tests=true
username: anonymous (0)
message: Use of undefined constant uj - assumed 'uj'

2013.04.23 13:30:52: /essays/public/test/ajax-retrieve-folks?filter=pu&search-for-groups=true&search-for-users=true&search-for-tests=true
username: anonymous (0)
message: Use of undefined constant uj - assumed 'uj'

2013.04.23 13:32:15: /essays/public/test/ajax-retrieve-folks?filter=pu&search-for-groups=true&search-for-users=true&search-for-tests=true
username: anonymous (0)
message: Use of undefined constant oo - assumed 'oo'

2013.04.23 13:32:24: /essays/public/test/ajax-retrieve-folks?filter=pu&search-for-groups=true&search-for-users=true&search-for-tests=true
username: anonymous (0)
message: Use of undefined constant oo - assumed 'oo'

2013.04.23 13:50:09: /auth/open-id?janrain_nonce=2013-04-23T11%3A50%3A05ZqofU4L&openid.ns=http%3A%2F%2Fspecs.openid.net%2Fauth%2F2.0&openid.mode=id_res&openid.op_endpoint=https%3A%2F%2Fwww.google.com%2Faccounts%2Fo8%2Fud&openid.response_nonce=2013-04-23T11%3A50%3A07Z_N5byMs5mqlBmw&openid.return_to=http%3A%2F%2Fessays.podstawski.com%2Fauth%2Fopen-id%3Fjanrain_nonce%3D2013-04-23T11%253A50%253A05ZqofU4L&openid.assoc_handle=1.AMlYA9VpSmQJasqv25Y99tm7WTHnUePXCFW2_jiMQ3I_SbDQ1cOeyNvO4fXXcw&openid.signed=op_endpoint%2Cclaimed_id%2Cidentity%2Creturn_to%2Cresponse_nonce%2Cassoc_handle%2Cns.ext1%2Cext1.mode%2Cext1.type.firstname%2Cext1.value.firstname%2Cext1.type.lastname%2Cext1.value.lastname%2Cext1.type.language%2Cext1.value.language%2Cext1.type.email%2Cext1.value.email&openid.sig=tUnuSdI3U5WI9HmlBJMghog1rv8%3D&openid.identity=https%3A%2F%2Fwww.google.com%2Faccounts%2Fo8%2Fid%3Fid%3DAItOawmXP5jto5mHlrjvl2f9I2UPghn8sD7_my4&openid.claimed_id=https%3A%2F%2Fwww.google.com%2Faccounts%2Fo8%2Fid%3Fid%3DAItOawmXP5jto5mHlrjvl2f9I2UPghn8sD7_my4&openid.ns.ext1=http%3A%2F%2Fopenid.net%2Fsrv%2Fax%2F1.0&openid.ext1.mode=fetch_response&openid.ext1.type.firstname=http%3A%2F%2Faxschema.org%2FnamePerson%2Ffirst&openid.ext1.value.firstname=Piotr&openid.ext1.type.lastname=http%3A%2F%2Faxschema.org%2FnamePerson%2Flast&openid.ext1.value.lastname=Podstawski&openid.ext1.type.language=http%3A%2F%2Faxschema.org%2Fpref%2Flanguage&openid.ext1.value.language=pl&openid.ext1.type.email=http%3A%2F%2Faxschema.org%2Fcontact%2Femail&openid.ext1.value.email=piotr%40promienko.pl
username: anonymous (0)
message: Received 400 when fetching https://www.google.com/accounts/o8/.well-known/host-meta?hd=www.google.com

2013.04.23 13:50:09: /auth/open-id?janrain_nonce=2013-04-23T11%3A50%3A05ZqofU4L&openid.ns=http%3A%2F%2Fspecs.openid.net%2Fauth%2F2.0&openid.mode=id_res&openid.op_endpoint=https%3A%2F%2Fwww.google.com%2Faccounts%2Fo8%2Fud&openid.response_nonce=2013-04-23T11%3A50%3A07Z_N5byMs5mqlBmw&openid.return_to=http%3A%2F%2Fessays.podstawski.com%2Fauth%2Fopen-id%3Fjanrain_nonce%3D2013-04-23T11%253A50%253A05ZqofU4L&openid.assoc_handle=1.AMlYA9VpSmQJasqv25Y99tm7WTHnUePXCFW2_jiMQ3I_SbDQ1cOeyNvO4fXXcw&openid.signed=op_endpoint%2Cclaimed_id%2Cidentity%2Creturn_to%2Cresponse_nonce%2Cassoc_handle%2Cns.ext1%2Cext1.mode%2Cext1.type.firstname%2Cext1.value.firstname%2Cext1.type.lastname%2Cext1.value.lastname%2Cext1.type.language%2Cext1.value.language%2Cext1.type.email%2Cext1.value.email&openid.sig=tUnuSdI3U5WI9HmlBJMghog1rv8%3D&openid.identity=https%3A%2F%2Fwww.google.com%2Faccounts%2Fo8%2Fid%3Fid%3DAItOawmXP5jto5mHlrjvl2f9I2UPghn8sD7_my4&openid.claimed_id=https%3A%2F%2Fwww.google.com%2Faccounts%2Fo8%2Fid%3Fid%3DAItOawmXP5jto5mHlrjvl2f9I2UPghn8sD7_my4&openid.ns.ext1=http%3A%2F%2Fopenid.net%2Fsrv%2Fax%2F1.0&openid.ext1.mode=fetch_response&openid.ext1.type.firstname=http%3A%2F%2Faxschema.org%2FnamePerson%2Ffirst&openid.ext1.value.firstname=Piotr&openid.ext1.type.lastname=http%3A%2F%2Faxschema.org%2FnamePerson%2Flast&openid.ext1.value.lastname=Podstawski&openid.ext1.type.language=http%3A%2F%2Faxschema.org%2Fpref%2Flanguage&openid.ext1.value.language=pl&openid.ext1.type.email=http%3A%2F%2Faxschema.org%2Fcontact%2Femail&openid.ext1.value.email=piotr%40promienko.pl
username: anonymous (0)
message: Only variable references should be returned by reference

