2013.01.14 18:19:20: 
username: anonymous (0)
message: Undefined variable: subUser

2013.01.14 18:19:20: 
username: anonymous (0)
message: Trying to get property of non-object

2013.01.14 18:19:20: 
username: anonymous (0)
message: Undefined variable: subImap

2013.01.14 18:20:42: 
username: anonymous (0)
message: Undefined variable: subUser

2013.01.14 18:20:42: 
username: anonymous (0)
message: Trying to get property of non-object

2013.01.14 18:20:47: 
username: anonymous (0)
message: Undefined variable: subUser

2013.01.14 18:20:47: 
username: anonymous (0)
message: Trying to get property of non-object

2013.01.14 18:41:09: 
username: anonymous (0)
message: Use of undefined constant trzebaby - assumed 'trzebaby'

2013.01.14 18:41:09: 
username: anonymous (0)
message: Use of undefined constant trzebaby - assumed 'trzebaby'

